<?xml version="1.0" encoding="UTF-8" ?>
<testsuite tests="3" failures="0" name="com.sg.classrosterservicelayer.DAO.ClassRosterDAOTest" time="0.567" errors="0" skipped="0">
  <properties>
[...]
</properties>
  <testcase classname="com.sg.classrosterservicelayer.DAO.ClassRosterDAOTest" name="removeStudent" time="0.393"/>
  <testcase classname="com.sg.classrosterservicelayer.DAO.ClassRosterDAOTest" name="testGetAllStudents" time="0.075"/>
  <testcase classname="com.sg.classrosterservicelayer.DAO.ClassRosterDAOTest" name="testAddGetStudent" time="0.041"/>
</testsuite>