<?xml version="1.0" encoding="UTF-8" ?>
<testsuite tests="3" failures="2" name="sg.com.milestone3.dao.VendingDaoTest" time="0.03" errors="1" skipped="0">
  <properties>
[...]
</properties>
  <testcase classname="sg.com.milestone3.dao.VendingDaoTest" name="testBuyItem" time="0.02">
    <error message="SOLD OUT" type="sg.com.milestone3.dao.ItemOutOfStockException">sg.com.milestone3.dao.ItemOutOfStockException: SOLD OUT
	at sg.com.milestone3.dao.VendingDao.buyItem(VendingDao.java:102)
	at sg.com.milestone3.dao.VendingDaoTest.testBuyItem(VendingDaoTest.java:53)
</error>
    <system-out>buyItem
</system-out>
  </testcase>
  <testcase classname="sg.com.milestone3.dao.VendingDaoTest" name="testGetItem" time="0">
    <failure message="The test case is a prototype." type="junit.framework.AssertionFailedError">junit.framework.AssertionFailedError: The test case is a prototype.
	at junit.framework.Assert.fail(Assert.java:47)
	at sg.com.milestone3.dao.VendingDaoTest.testGetItem(VendingDaoTest.java:34)
</failure>
    <system-out>getItem- Just checking if the item name and price match
</system-out>
  </testcase>
  <testcase classname="sg.com.milestone3.dao.VendingDaoTest" name="testGetItems" time="0">
    <failure message="The test case is a prototype." type="junit.framework.AssertionFailedError">junit.framework.AssertionFailedError: The test case is a prototype.
	at junit.framework.Assert.fail(Assert.java:47)
	at sg.com.milestone3.dao.VendingDaoTest.testGetItems(VendingDaoTest.java:43)
</failure>
    <system-out>getItems - checking size of the item list
</system-out>
  </testcase>
</testsuite>